1700748791.981634 client started (531599): version 3.3a, socket /tmp/tmux-1000/default, protocol 8
1700748791.981658 on Linux 6.5.0-10-generic #10-Ubuntu SMP PREEMPT_DYNAMIC Fri Oct 13 13:49:38 UTC 2023
1700748791.981664 using libevent 2.1.12-stable (poll); ncurses 6.4
1700748791.981685 flags are 0x10010000
1700748791.981688 socket is /tmp/tmux-1000/default
1700748791.981701 trying connect
1700748791.981781 add peer 0x563947ed3040: 6 ((nil))
1700748791.982085 sending message 100 to peer 0x563947ed3040 (4 bytes)
1700748791.982092 sending message 111 to peer 0x563947ed3040 (8 bytes)
1700748791.982095 sending message 101 to peer 0x563947ed3040 (14 bytes)
1700748791.982099 sending message 109 to peer 0x563947ed3040 (4 bytes)
1700748791.982102 sending message 102 to peer 0x563947ed3040 (11 bytes)
1700748791.982106 sending message 108 to peer 0x563947ed3040 (30 bytes)
1700748791.982109 sending message 112 to peer 0x563947ed3040 (70 bytes)
1700748791.982113 sending message 112 to peer 0x563947ed3040 (5 bytes)
1700748791.982117 sending message 112 to peer 0x563947ed3040 (5 bytes)
1700748791.982120 sending message 112 to peer 0x563947ed3040 (6 bytes)
1700748791.982123 sending message 112 to peer 0x563947ed3040 (6 bytes)
1700748791.982127 sending message 112 to peer 0x563947ed3040 (11 bytes)
1700748791.982130 sending message 112 to peer 0x563947ed3040 (10 bytes)
1700748791.982133 sending message 112 to peer 0x563947ed3040 (13 bytes)
1700748791.982137 sending message 112 to peer 0x563947ed3040 (13 bytes)
1700748791.982140 sending message 112 to peer 0x563947ed3040 (18 bytes)
1700748791.982144 sending message 112 to peer 0x563947ed3040 (11 bytes)
1700748791.982147 sending message 112 to peer 0x563947ed3040 (10 bytes)
1700748791.982151 sending message 112 to peer 0x563947ed3040 (15 bytes)
1700748791.982154 sending message 112 to peer 0x563947ed3040 (21 bytes)
1700748791.982157 sending message 112 to peer 0x563947ed3040 (13 bytes)
1700748791.982161 sending message 112 to peer 0x563947ed3040 (7 bytes)
1700748791.982164 sending message 112 to peer 0x563947ed3040 (13 bytes)
1700748791.982168 sending message 112 to peer 0x563947ed3040 (7 bytes)
1700748791.982171 sending message 112 to peer 0x563947ed3040 (13 bytes)
1700748791.982175 sending message 112 to peer 0x563947ed3040 (9 bytes)
1700748791.982178 sending message 112 to peer 0x563947ed3040 (21 bytes)
1700748791.982181 sending message 112 to peer 0x563947ed3040 (13 bytes)
1700748791.982185 sending message 112 to peer 0x563947ed3040 (8 bytes)
1700748791.982188 sending message 112 to peer 0x563947ed3040 (12 bytes)
1700748791.982191 sending message 112 to peer 0x563947ed3040 (13 bytes)
1700748791.982195 sending message 112 to peer 0x563947ed3040 (9 bytes)
1700748791.982198 sending message 112 to peer 0x563947ed3040 (9 bytes)
1700748791.982202 sending message 112 to peer 0x563947ed3040 (12 bytes)
1700748791.982205 sending message 112 to peer 0x563947ed3040 (8 bytes)
1700748791.982208 sending message 112 to peer 0x563947ed3040 (8 bytes)
1700748791.982212 sending message 112 to peer 0x563947ed3040 (7 bytes)
1700748791.982215 sending message 112 to peer 0x563947ed3040 (7 bytes)
1700748791.982218 sending message 112 to peer 0x563947ed3040 (9 bytes)
1700748791.982222 sending message 112 to peer 0x563947ed3040 (13 bytes)
1700748791.982225 sending message 112 to peer 0x563947ed3040 (6 bytes)
1700748791.982229 sending message 112 to peer 0x563947ed3040 (9 bytes)
1700748791.982232 sending message 112 to peer 0x563947ed3040 (15 bytes)
1700748791.982236 sending message 112 to peer 0x563947ed3040 (13 bytes)
1700748791.982239 sending message 112 to peer 0x563947ed3040 (12 bytes)
1700748791.982242 sending message 112 to peer 0x563947ed3040 (8 bytes)
1700748791.982246 sending message 112 to peer 0x563947ed3040 (14 bytes)
1700748791.982249 sending message 112 to peer 0x563947ed3040 (11 bytes)
1700748791.982253 sending message 112 to peer 0x563947ed3040 (9 bytes)
1700748791.982256 sending message 112 to peer 0x563947ed3040 (10 bytes)
1700748791.982259 sending message 112 to peer 0x563947ed3040 (10 bytes)
1700748791.982263 sending message 112 to peer 0x563947ed3040 (10 bytes)
1700748791.982271 sending message 112 to peer 0x563947ed3040 (10 bytes)
1700748791.982274 sending message 112 to peer 0x563947ed3040 (11 bytes)
1700748791.982278 sending message 112 to peer 0x563947ed3040 (12 bytes)
1700748791.982281 sending message 112 to peer 0x563947ed3040 (12 bytes)
1700748791.982284 sending message 112 to peer 0x563947ed3040 (12 bytes)
1700748791.982288 sending message 112 to peer 0x563947ed3040 (12 bytes)
1700748791.982291 sending message 112 to peer 0x563947ed3040 (12 bytes)
1700748791.982295 sending message 112 to peer 0x563947ed3040 (11 bytes)
1700748791.982298 sending message 112 to peer 0x563947ed3040 (11 bytes)
1700748791.982301 sending message 112 to peer 0x563947ed3040 (12 bytes)
1700748791.982305 sending message 112 to peer 0x563947ed3040 (12 bytes)
1700748791.982308 sending message 112 to peer 0x563947ed3040 (12 bytes)
1700748791.982311 sending message 112 to peer 0x563947ed3040 (12 bytes)
1700748791.982315 sending message 112 to peer 0x563947ed3040 (12 bytes)
1700748791.982318 sending message 112 to peer 0x563947ed3040 (10 bytes)
1700748791.982321 sending message 112 to peer 0x563947ed3040 (12 bytes)
1700748791.982325 sending message 112 to peer 0x563947ed3040 (13 bytes)
1700748791.982328 sending message 112 to peer 0x563947ed3040 (13 bytes)
1700748791.982332 sending message 112 to peer 0x563947ed3040 (13 bytes)
1700748791.982335 sending message 112 to peer 0x563947ed3040 (13 bytes)
1700748791.982339 sending message 112 to peer 0x563947ed3040 (13 bytes)
1700748791.982342 sending message 112 to peer 0x563947ed3040 (8 bytes)
1700748791.982346 sending message 112 to peer 0x563947ed3040 (11 bytes)
1700748791.982349 sending message 112 to peer 0x563947ed3040 (11 bytes)
1700748791.982352 sending message 112 to peer 0x563947ed3040 (11 bytes)
1700748791.982356 sending message 112 to peer 0x563947ed3040 (12 bytes)
1700748791.982359 sending message 112 to peer 0x563947ed3040 (12 bytes)
1700748791.982362 sending message 112 to peer 0x563947ed3040 (12 bytes)
1700748791.982366 sending message 112 to peer 0x563947ed3040 (12 bytes)
1700748791.982369 sending message 112 to peer 0x563947ed3040 (13 bytes)
1700748791.982372 sending message 112 to peer 0x563947ed3040 (13 bytes)
1700748791.982376 sending message 112 to peer 0x563947ed3040 (13 bytes)
1700748791.982379 sending message 112 to peer 0x563947ed3040 (8 bytes)
1700748791.982383 sending message 112 to peer 0x563947ed3040 (13 bytes)
1700748791.982386 sending message 112 to peer 0x563947ed3040 (13 bytes)
1700748791.982390 sending message 112 to peer 0x563947ed3040 (13 bytes)
1700748791.982393 sending message 112 to peer 0x563947ed3040 (13 bytes)
1700748791.982396 sending message 112 to peer 0x563947ed3040 (13 bytes)
1700748791.982400 sending message 112 to peer 0x563947ed3040 (12 bytes)
1700748791.982403 sending message 112 to peer 0x563947ed3040 (12 bytes)
1700748791.982407 sending message 112 to peer 0x563947ed3040 (12 bytes)
1700748791.982410 sending message 112 to peer 0x563947ed3040 (12 bytes)
1700748791.982414 sending message 112 to peer 0x563947ed3040 (13 bytes)
1700748791.982417 sending message 112 to peer 0x563947ed3040 (8 bytes)
1700748791.982420 sending message 112 to peer 0x563947ed3040 (13 bytes)
1700748791.982424 sending message 112 to peer 0x563947ed3040 (13 bytes)
1700748791.982427 sending message 112 to peer 0x563947ed3040 (13 bytes)
1700748791.982431 sending message 112 to peer 0x563947ed3040 (13 bytes)
1700748791.982434 sending message 112 to peer 0x563947ed3040 (13 bytes)
1700748791.982438 sending message 112 to peer 0x563947ed3040 (13 bytes)
1700748791.982441 sending message 112 to peer 0x563947ed3040 (13 bytes)
1700748791.982444 sending message 112 to peer 0x563947ed3040 (12 bytes)
1700748791.982448 sending message 112 to peer 0x563947ed3040 (12 bytes)
1700748791.982451 sending message 112 to peer 0x563947ed3040 (12 bytes)
1700748791.982455 sending message 112 to peer 0x563947ed3040 (8 bytes)
1700748791.982458 sending message 112 to peer 0x563947ed3040 (12 bytes)
1700748791.982465 sending message 112 to peer 0x563947ed3040 (13 bytes)
1700748791.982468 sending message 112 to peer 0x563947ed3040 (13 bytes)
1700748791.982471 sending message 112 to peer 0x563947ed3040 (13 bytes)
1700748791.982475 sending message 112 to peer 0x563947ed3040 (13 bytes)
1700748791.982478 sending message 112 to peer 0x563947ed3040 (13 bytes)
1700748791.982482 sending message 112 to peer 0x563947ed3040 (13 bytes)
1700748791.982485 sending message 112 to peer 0x563947ed3040 (13 bytes)
1700748791.982489 sending message 112 to peer 0x563947ed3040 (13 bytes)
1700748791.982492 sending message 112 to peer 0x563947ed3040 (12 bytes)
1700748791.982495 sending message 112 to peer 0x563947ed3040 (10 bytes)
1700748791.982499 sending message 112 to peer 0x563947ed3040 (12 bytes)
1700748791.982502 sending message 112 to peer 0x563947ed3040 (12 bytes)
1700748791.982506 sending message 112 to peer 0x563947ed3040 (12 bytes)
1700748791.982509 sending message 112 to peer 0x563947ed3040 (13 bytes)
1700748791.982512 sending message 112 to peer 0x563947ed3040 (13 bytes)
1700748791.982516 sending message 112 to peer 0x563947ed3040 (13 bytes)
1700748791.982519 sending message 112 to peer 0x563947ed3040 (13 bytes)
1700748791.982523 sending message 112 to peer 0x563947ed3040 (13 bytes)
1700748791.982526 sending message 112 to peer 0x563947ed3040 (13 bytes)
1700748791.982529 sending message 112 to peer 0x563947ed3040 (13 bytes)
1700748791.982533 sending message 112 to peer 0x563947ed3040 (10 bytes)
1700748791.982536 sending message 112 to peer 0x563947ed3040 (13 bytes)
1700748791.982540 sending message 112 to peer 0x563947ed3040 (12 bytes)
1700748791.982543 sending message 112 to peer 0x563947ed3040 (12 bytes)
1700748791.982547 sending message 112 to peer 0x563947ed3040 (12 bytes)
1700748791.982550 sending message 112 to peer 0x563947ed3040 (10 bytes)
1700748791.982554 sending message 112 to peer 0x563947ed3040 (10 bytes)
1700748791.982557 sending message 112 to peer 0x563947ed3040 (10 bytes)
1700748791.982560 sending message 112 to peer 0x563947ed3040 (12 bytes)
1700748791.982564 sending message 112 to peer 0x563947ed3040 (13 bytes)
1700748791.982567 sending message 112 to peer 0x563947ed3040 (13 bytes)
1700748791.982570 sending message 112 to peer 0x563947ed3040 (13 bytes)
1700748791.982574 sending message 112 to peer 0x563947ed3040 (13 bytes)
1700748791.982577 sending message 112 to peer 0x563947ed3040 (13 bytes)
1700748791.982580 sending message 112 to peer 0x563947ed3040 (11 bytes)
1700748791.982584 sending message 112 to peer 0x563947ed3040 (11 bytes)
1700748791.982587 sending message 112 to peer 0x563947ed3040 (12 bytes)
1700748791.982591 sending message 112 to peer 0x563947ed3040 (12 bytes)
1700748791.982594 sending message 112 to peer 0x563947ed3040 (12 bytes)
1700748791.982597 sending message 112 to peer 0x563947ed3040 (12 bytes)
1700748791.982601 sending message 112 to peer 0x563947ed3040 (12 bytes)
1700748791.982604 sending message 112 to peer 0x563947ed3040 (11 bytes)
1700748791.982608 sending message 112 to peer 0x563947ed3040 (12 bytes)
1700748791.982611 sending message 112 to peer 0x563947ed3040 (12 bytes)
1700748791.982614 sending message 112 to peer 0x563947ed3040 (13 bytes)
1700748791.982618 sending message 112 to peer 0x563947ed3040 (13 bytes)
1700748791.982621 sending message 112 to peer 0x563947ed3040 (13 bytes)
1700748791.982625 sending message 112 to peer 0x563947ed3040 (13 bytes)
1700748791.982628 sending message 112 to peer 0x563947ed3040 (13 bytes)
1700748791.982631 sending message 112 to peer 0x563947ed3040 (10 bytes)
1700748791.982635 sending message 112 to peer 0x563947ed3040 (9 bytes)
1700748791.982638 sending message 112 to peer 0x563947ed3040 (12 bytes)
1700748791.982642 sending message 112 to peer 0x563947ed3040 (13 bytes)
1700748791.982645 sending message 112 to peer 0x563947ed3040 (13 bytes)
1700748791.982648 sending message 112 to peer 0x563947ed3040 (13 bytes)
1700748791.982652 sending message 112 to peer 0x563947ed3040 (13 bytes)
1700748791.982655 sending message 112 to peer 0x563947ed3040 (13 bytes)
1700748791.982661 sending message 112 to peer 0x563947ed3040 (9 bytes)
1700748791.982665 sending message 112 to peer 0x563947ed3040 (12 bytes)
1700748791.982668 sending message 112 to peer 0x563947ed3040 (13 bytes)
1700748791.982671 sending message 112 to peer 0x563947ed3040 (13 bytes)
1700748791.982675 sending message 112 to peer 0x563947ed3040 (13 bytes)
1700748791.982678 sending message 112 to peer 0x563947ed3040 (13 bytes)
1700748791.982682 sending message 112 to peer 0x563947ed3040 (13 bytes)
1700748791.982685 sending message 112 to peer 0x563947ed3040 (11 bytes)
1700748791.982688 sending message 112 to peer 0x563947ed3040 (12 bytes)
1700748791.982692 sending message 112 to peer 0x563947ed3040 (13 bytes)
1700748791.982695 sending message 112 to peer 0x563947ed3040 (13 bytes)
1700748791.982699 sending message 112 to peer 0x563947ed3040 (13 bytes)
1700748791.982702 sending message 112 to peer 0x563947ed3040 (13 bytes)
1700748791.982705 sending message 112 to peer 0x563947ed3040 (13 bytes)
1700748791.982709 sending message 112 to peer 0x563947ed3040 (11 bytes)
1700748791.982712 sending message 112 to peer 0x563947ed3040 (12 bytes)
1700748791.982715 sending message 112 to peer 0x563947ed3040 (12 bytes)
1700748791.982719 sending message 112 to peer 0x563947ed3040 (12 bytes)
1700748791.982722 sending message 112 to peer 0x563947ed3040 (12 bytes)
1700748791.982726 sending message 112 to peer 0x563947ed3040 (12 bytes)
1700748791.982729 sending message 112 to peer 0x563947ed3040 (21 bytes)
1700748791.982733 sending message 112 to peer 0x563947ed3040 (12 bytes)
1700748791.982736 sending message 112 to peer 0x563947ed3040 (9 bytes)
1700748791.982739 sending message 112 to peer 0x563947ed3040 (6 bytes)
1700748791.982743 sending message 112 to peer 0x563947ed3040 (13 bytes)
1700748791.982746 sending message 112 to peer 0x563947ed3040 (8 bytes)
1700748791.982750 sending message 112 to peer 0x563947ed3040 (15 bytes)
1700748791.982753 sending message 112 to peer 0x563947ed3040 (13 bytes)
1700748791.982756 sending message 112 to peer 0x563947ed3040 (9 bytes)
1700748791.982760 sending message 112 to peer 0x563947ed3040 (70 bytes)
1700748791.982763 sending message 112 to peer 0x563947ed3040 (69 bytes)
1700748791.982767 sending message 112 to peer 0x563947ed3040 (10 bytes)
1700748791.982770 sending message 112 to peer 0x563947ed3040 (10 bytes)
1700748791.982773 sending message 112 to peer 0x563947ed3040 (8 bytes)
1700748791.982777 sending message 112 to peer 0x563947ed3040 (15 bytes)
1700748791.982780 sending message 112 to peer 0x563947ed3040 (13 bytes)
1700748791.982783 sending message 112 to peer 0x563947ed3040 (10 bytes)
1700748791.982787 sending message 112 to peer 0x563947ed3040 (10 bytes)
1700748791.982790 sending message 112 to peer 0x563947ed3040 (17 bytes)
1700748791.982793 sending message 112 to peer 0x563947ed3040 (10 bytes)
1700748791.982797 sending message 112 to peer 0x563947ed3040 (13 bytes)
1700748791.982800 sending message 112 to peer 0x563947ed3040 (9 bytes)
1700748791.982803 sending message 112 to peer 0x563947ed3040 (5 bytes)
1700748791.982807 sending message 112 to peer 0x563947ed3040 (15 bytes)
1700748791.982811 sending message 104 to peer 0x563947ed3040 (0 bytes)
1700748791.982816 sending message 110 to peer 0x563947ed3040 (0 bytes)
1700748791.982820 sending message 107 to peer 0x563947ed3040 (4 bytes)
1700748791.982824 sending message 105 to peer 0x563947ed3040 (16 bytes)
1700748791.982830 sending message 105 to peer 0x563947ed3040 (90 bytes)
1700748791.982833 sending message 105 to peer 0x563947ed3040 (19 bytes)
1700748791.982837 sending message 105 to peer 0x563947ed3040 (20 bytes)
1700748791.982840 sending message 105 to peer 0x563947ed3040 (45 bytes)
1700748791.982843 sending message 105 to peer 0x563947ed3040 (27 bytes)
1700748791.982847 sending message 105 to peer 0x563947ed3040 (23 bytes)
1700748791.982850 sending message 105 to peer 0x563947ed3040 (26 bytes)
1700748791.982854 sending message 105 to peer 0x563947ed3040 (44 bytes)
1700748791.982857 sending message 105 to peer 0x563947ed3040 (37 bytes)
1700748791.982863 sending message 105 to peer 0x563947ed3040 (32 bytes)
1700748791.982867 sending message 105 to peer 0x563947ed3040 (41 bytes)
1700748791.982870 sending message 105 to peer 0x563947ed3040 (20 bytes)
1700748791.982873 sending message 105 to peer 0x563947ed3040 (23 bytes)
1700748791.982877 sending message 105 to peer 0x563947ed3040 (28 bytes)
1700748791.982880 sending message 105 to peer 0x563947ed3040 (34 bytes)
1700748791.982883 sending message 105 to peer 0x563947ed3040 (27 bytes)
1700748791.982887 sending message 105 to peer 0x563947ed3040 (15 bytes)
1700748791.982890 sending message 105 to peer 0x563947ed3040 (25 bytes)
1700748791.982893 sending message 105 to peer 0x563947ed3040 (22 bytes)
1700748791.982897 sending message 105 to peer 0x563947ed3040 (54 bytes)
1700748791.982900 sending message 105 to peer 0x563947ed3040 (22 bytes)
1700748791.982904 sending message 105 to peer 0x563947ed3040 (18 bytes)
1700748791.982907 sending message 105 to peer 0x563947ed3040 (16 bytes)
1700748791.982910 sending message 105 to peer 0x563947ed3040 (18 bytes)
1700748791.982914 sending message 105 to peer 0x563947ed3040 (17 bytes)
1700748791.982917 sending message 105 to peer 0x563947ed3040 (1764 bytes)
1700748791.982929 sending message 105 to peer 0x563947ed3040 (33 bytes)
1700748791.982933 sending message 105 to peer 0x563947ed3040 (17 bytes)
1700748791.982937 sending message 105 to peer 0x563947ed3040 (26 bytes)
1700748791.982940 sending message 105 to peer 0x563947ed3040 (86 bytes)
1700748791.982944 sending message 105 to peer 0x563947ed3040 (23 bytes)
1700748791.982947 sending message 105 to peer 0x563947ed3040 (34 bytes)
1700748791.982950 sending message 105 to peer 0x563947ed3040 (23 bytes)
1700748791.982954 sending message 105 to peer 0x563947ed3040 (19 bytes)
1700748791.982957 sending message 105 to peer 0x563947ed3040 (32 bytes)
1700748791.982961 sending message 105 to peer 0x563947ed3040 (12 bytes)
1700748791.982964 sending message 105 to peer 0x563947ed3040 (13 bytes)
1700748791.982968 sending message 105 to peer 0x563947ed3040 (30 bytes)
1700748791.982971 sending message 105 to peer 0x563947ed3040 (11 bytes)
1700748791.982974 sending message 105 to peer 0x563947ed3040 (8 bytes)
1700748791.982978 sending message 105 to peer 0x563947ed3040 (18 bytes)
1700748791.982981 sending message 105 to peer 0x563947ed3040 (31 bytes)
1700748791.982985 sending message 105 to peer 0x563947ed3040 (47 bytes)
1700748791.982988 sending message 105 to peer 0x563947ed3040 (102 bytes)
1700748791.982992 sending message 105 to peer 0x563947ed3040 (200 bytes)
1700748791.982995 sending message 105 to peer 0x563947ed3040 (18 bytes)
1700748791.982999 sending message 105 to peer 0x563947ed3040 (54 bytes)
1700748791.983002 sending message 105 to peer 0x563947ed3040 (18 bytes)
1700748791.983006 sending message 105 to peer 0x563947ed3040 (16 bytes)
1700748791.983009 sending message 105 to peer 0x563947ed3040 (42 bytes)
1700748791.983013 sending message 106 to peer 0x563947ed3040 (0 bytes)
1700748791.983072 sending message 200 to peer 0x563947ed3040 (4 bytes)
1700748791.983079 client loop enter
1700748791.983534 peer 0x563947ed3040 message 303
1700748791.983541 open write file 2 -
1700748791.983550 sending message 305 to peer 0x563947ed3040 (8 bytes)
1700748791.983558 write check file 2
1700748791.983671 peer 0x563947ed3040 message 304
1700748791.983677 write 58 to file 2
1700748791.983681 peer 0x563947ed3040 message 203
1700748791.983684 file 2 58 bytes left
1700748791.983698 write check file 2
1700748791.983701 client loop exit
